[     194ms] [ERROR] Failed to load resource: the server responded with a status of 504 (Outdated Optimize Dep) @ http://localhost:4321/node_modules/.vite/deps/astro-IQQQXCO3.js?v=3af521a4:0
[     266ms] Failed to fetch dynamically imported module: http://localhost:4321/node_modules/.vite/deps/astro-IQQQXCO3.js?v=3af521a4
[     195ms] [ERROR] Failed to load resource: the server responded with a status of 504 (Outdated Optimize Dep) @ http://localhost:4321/node_modules/.vite/deps/audit-OOEEVJXL.js?v=3af521a4:0
[     195ms] [ERROR] Failed to load resource: the server responded with a status of 504 (Outdated Optimize Dep) @ http://localhost:4321/node_modules/.vite/deps/xray-XH6VIXDC.js?v=3af521a4:0
[     196ms] [ERROR] Failed to load resource: the server responded with a status of 504 (Outdated Optimize Dep) @ http://localhost:4321/node_modules/.vite/deps/settings-K4OHAGC2.js?v=3af521a4:0
[     196ms] [ERROR] Failed to load resource: the server responded with a status of 504 (Outdated Optimize Dep) @ http://localhost:4321/node_modules/.vite/deps/toolbar-2H5PSQQU.js?v=3af521a4:0
[     204ms] [ERROR] Failed to load resource: the server responded with a status of 504 (Outdated Optimize Dep) @ http://localhost:4321/node_modules/.vite/deps/ui-library-EVFCBMCE.js?v=3af521a4:0
[   59387ms] [ERROR] Failed to load resource: the server responded with a status of 504 (Outdated Optimize Dep) @ http://localhost:4321/node_modules/.vite/deps/astro-IQQQXCO3.js?v=3af521a4:0
[   59401ms] Failed to fetch dynamically imported module: http://localhost:4321/node_modules/.vite/deps/astro-IQQQXCO3.js?v=3af521a4
[   59389ms] [ERROR] Failed to load resource: the server responded with a status of 504 (Outdated Optimize Dep) @ http://localhost:4321/node_modules/.vite/deps/audit-OOEEVJXL.js?v=3af521a4:0
[   59389ms] [ERROR] Failed to load resource: the server responded with a status of 504 (Outdated Optimize Dep) @ http://localhost:4321/node_modules/.vite/deps/xray-XH6VIXDC.js?v=3af521a4:0
[   59390ms] [ERROR] Failed to load resource: the server responded with a status of 504 (Outdated Optimize Dep) @ http://localhost:4321/node_modules/.vite/deps/settings-K4OHAGC2.js?v=3af521a4:0
[   59391ms] [ERROR] Failed to load resource: the server responded with a status of 504 (Outdated Optimize Dep) @ http://localhost:4321/node_modules/.vite/deps/toolbar-2H5PSQQU.js?v=3af521a4:0
[   59392ms] [ERROR] Failed to load resource: the server responded with a status of 504 (Outdated Optimize Dep) @ http://localhost:4321/node_modules/.vite/deps/ui-library-EVFCBMCE.js?v=3af521a4:0
[   61629ms] [ERROR] Failed to load resource: the server responded with a status of 504 (Outdated Optimize Dep) @ http://localhost:4321/node_modules/.vite/deps/astro-IQQQXCO3.js?v=3af521a4:0
[   61640ms] Failed to fetch dynamically imported module: http://localhost:4321/node_modules/.vite/deps/astro-IQQQXCO3.js?v=3af521a4
[   61629ms] [ERROR] Failed to load resource: the server responded with a status of 504 (Outdated Optimize Dep) @ http://localhost:4321/node_modules/.vite/deps/audit-OOEEVJXL.js?v=3af521a4:0
[   61630ms] [ERROR] Failed to load resource: the server responded with a status of 504 (Outdated Optimize Dep) @ http://localhost:4321/node_modules/.vite/deps/xray-XH6VIXDC.js?v=3af521a4:0
[   61631ms] [ERROR] Failed to load resource: the server responded with a status of 504 (Outdated Optimize Dep) @ http://localhost:4321/node_modules/.vite/deps/settings-K4OHAGC2.js?v=3af521a4:0
[   61631ms] [ERROR] Failed to load resource: the server responded with a status of 504 (Outdated Optimize Dep) @ http://localhost:4321/node_modules/.vite/deps/toolbar-2H5PSQQU.js?v=3af521a4:0
[   61632ms] [ERROR] Failed to load resource: the server responded with a status of 504 (Outdated Optimize Dep) @ http://localhost:4321/node_modules/.vite/deps/ui-library-EVFCBMCE.js?v=3af521a4:0
[   62234ms] [ERROR] Failed to load resource: the server responded with a status of 404 (Not Found) @ http://localhost:4321/strains/super-boof:0
[   64323ms] [ERROR] Failed to load resource: the server responded with a status of 504 (Outdated Optimize Dep) @ http://localhost:4321/node_modules/.vite/deps/audit-OOEEVJXL.js?v=3af521a4:0
[   64323ms] [ERROR] Failed to load resource: the server responded with a status of 504 (Outdated Optimize Dep) @ http://localhost:4321/node_modules/.vite/deps/xray-XH6VIXDC.js?v=3af521a4:0
[   64323ms] [ERROR] Failed to load resource: the server responded with a status of 504 (Outdated Optimize Dep) @ http://localhost:4321/node_modules/.vite/deps/astro-IQQQXCO3.js?v=3af521a4:0
[   64329ms] Failed to fetch dynamically imported module: http://localhost:4321/node_modules/.vite/deps/audit-OOEEVJXL.js?v=3af521a4
[   64323ms] [ERROR] Failed to load resource: the server responded with a status of 504 (Outdated Optimize Dep) @ http://localhost:4321/node_modules/.vite/deps/settings-K4OHAGC2.js?v=3af521a4:0
[   64323ms] [ERROR] Failed to load resource: the server responded with a status of 504 (Outdated Optimize Dep) @ http://localhost:4321/node_modules/.vite/deps/toolbar-2H5PSQQU.js?v=3af521a4:0
[   64324ms] [ERROR] Failed to load resource: the server responded with a status of 504 (Outdated Optimize Dep) @ http://localhost:4321/node_modules/.vite/deps/ui-library-EVFCBMCE.js?v=3af521a4:0
